{
  "stats": {
    "suites": 1,
    "tests": 1,
    "passes": 1,
    "pending": 0,
    "failures": 0,
    "start": "2025-06-07T16:29:44.974Z",
    "end": "2025-06-07T16:29:53.855Z",
    "duration": 8881,
    "testsRegistered": 1,
    "passPercent": 100,
    "pendingPercent": 0,
    "other": 0,
    "hasOther": false,
    "skipped": 0,
    "hasSkipped": false
  },
  "results": [
    {
      "uuid": "013329f5-5a4f-4f5f-a929-49b39097109e",
      "title": "",
      "fullFile": "cypress/e2e/test.cy.js",
      "file": "cypress/e2e/test.cy.js",
      "beforeHooks": [],
      "afterHooks": [],
      "tests": [],
      "suites": [
        {
          "uuid": "5d10786c-17fd-4208-bed6-8d88e74d5382",
          "title": "The Home Page",
          "fullFile": "",
          "file": "",
          "beforeHooks": [],
          "afterHooks": [],
          "tests": [
            {
              "title": "successfully loads",
              "fullTitle": "The Home Page successfully loads",
              "timedOut": null,
              "duration": 8839,
              "state": "passed",
              "speed": "medium",
              "pass": true,
              "fail": false,
              "pending": false,
              "context": null,
              "code": "cy.visit(\"/\");",
              "err": {},
              "uuid": "8ff814ff-c46a-4c30-9a21-028252628609",
              "parentUUID": "5d10786c-17fd-4208-bed6-8d88e74d5382",
              "isHook": false,
              "skipped": false
            }
          ],
          "suites": [],
          "passes": [
            "8ff814ff-c46a-4c30-9a21-028252628609"
          ],
          "failures": [],
          "pending": [],
          "skipped": [],
          "duration": 8839,
          "root": false,
          "rootEmpty": false,
          "_timeout": 2000
        }
      ],
      "passes": [],
      "failures": [],
      "pending": [],
      "skipped": [],
      "duration": 0,
      "root": true,
      "rootEmpty": true,
      "_timeout": 2000
    }
  ],
  "meta": {
    "mocha": {
      "version": "7.2.0"
    },
    "mochawesome": {
      "options": {
        "quiet": false,
        "reportFilename": "mochawesome",
        "saveHtml": false,
        "saveJson": true,
        "consoleReporter": "spec",
        "useInlineDiffs": false,
        "code": true
      },
      "version": "7.1.3"
    },
    "marge": {
      "options": {
        "reportDir": "cypress/reports",
        "overwrite": false,
        "html": false,
        "json": true
      },
      "version": "6.2.0"
    }
  }
}