{
  "stats": {
    "suites": 2,
    "tests": 4,
    "passes": 4,
    "pending": 0,
    "failures": 0,
    "start": "2025-06-07T16:29:55.677Z",
    "end": "2025-06-07T16:30:08.086Z",
    "duration": 12409,
    "testsRegistered": 4,
    "passPercent": 100,
    "pendingPercent": 0,
    "other": 0,
    "hasOther": false,
    "skipped": 0,
    "hasSkipped": false
  },
  "results": [
    {
      "uuid": "cef448b8-4ff9-43aa-b3de-92fbe4a0dfd2",
      "title": "",
      "fullFile": "cypress/e2e/dealer/login.cy.js",
      "file": "cypress/e2e/dealer/login.cy.js",
      "beforeHooks": [],
      "afterHooks": [],
      "tests": [],
      "suites": [
        {
          "uuid": "b2cb951a-f59e-4610-8f07-3d2b9421baf4",
          "title": "Testing login functionality",
          "fullFile": "",
          "file": "",
          "beforeHooks": [],
          "afterHooks": [],
          "tests": [],
          "suites": [
            {
              "uuid": "717271a6-5a6d-4d72-b7d1-8a1dec86a4b3",
              "title": "Navigate to login page",
              "fullFile": "",
              "file": "",
              "beforeHooks": [],
              "afterHooks": [],
              "tests": [
                {
                  "title": "Click on login button -> Check login btn is present and page natigated to login screen",
                  "fullTitle": "Testing login functionality Navigate to login page Click on login button -> Check login btn is present and page natigated to login screen",
                  "timedOut": null,
                  "duration": 6071,
                  "state": "passed",
                  "speed": "medium",
                  "pass": true,
                  "fail": false,
                  "pending": false,
                  "context": null,
                  "code": "cy.get(\"#login-btn\").should(\"exist\").click();\ncy.url().should(\"include\", \"/signin\");",
                  "err": {},
                  "uuid": "3eb0db0a-b33a-403a-b73b-80d3e37fdc1e",
                  "parentUUID": "717271a6-5a6d-4d72-b7d1-8a1dec86a4b3",
                  "isHook": false,
                  "skipped": false
                },
                {
                  "title": "Click on login button without entering any details -> Vaidation error messages should be show",
                  "fullTitle": "Testing login functionality Navigate to login page Click on login button without entering any details -> Vaidation error messages should be show",
                  "timedOut": null,
                  "duration": 1106,
                  "state": "passed",
                  "speed": "fast",
                  "pass": true,
                  "fail": false,
                  "pending": false,
                  "context": null,
                  "code": "cy.visit(\"/signin\");\ncy.get(\"#submit-btn\").click();\n// Check error messages\ncy.contains(\"Email or phone number is required\");\ncy.contains(\"Password is required\");",
                  "err": {},
                  "uuid": "392bcd5a-6036-4846-a456-9b8d962e3695",
                  "parentUUID": "717271a6-5a6d-4d72-b7d1-8a1dec86a4b3",
                  "isHook": false,
                  "skipped": false
                },
                {
                  "title": "Enter Invalid credentials and click on login -> Should show invalid credentials popup",
                  "fullTitle": "Testing login functionality Navigate to login page Enter Invalid credentials and click on login -> Should show invalid credentials popup",
                  "timedOut": null,
                  "duration": 2066,
                  "state": "passed",
                  "speed": "fast",
                  "pass": true,
                  "fail": false,
                  "pending": false,
                  "context": null,
                  "code": "cy.visit(\"/signin\");\ncy.get(\"#emailOrPhone\").should(\"exist\").click().type(USER.email);\ncy.get(\"#password\").should(\"exist\").click().type(USER.email);\ncy.get(\"#submit-btn\").click();\ncy.contains(\"Invalid Credentials\");",
                  "err": {},
                  "uuid": "d761b3dc-dfc4-4d9a-9971-93f9eeda24cc",
                  "parentUUID": "717271a6-5a6d-4d72-b7d1-8a1dec86a4b3",
                  "isHook": false,
                  "skipped": false
                },
                {
                  "title": "Enter valid credentials and click on login -> Login should be success and page needs to redirect to homepage",
                  "fullTitle": "Testing login functionality Navigate to login page Enter valid credentials and click on login -> Login should be success and page needs to redirect to homepage",
                  "timedOut": null,
                  "duration": 2959,
                  "state": "passed",
                  "speed": "fast",
                  "pass": true,
                  "fail": false,
                  "pending": false,
                  "context": null,
                  "code": "cy.visit(\"/signin\");\ncy.get(\"#emailOrPhone\").should(\"exist\").click().type(USER.email);\ncy.get(\"#password\").should(\"exist\").click().type(USER.password);\ncy.get(\"#submit-btn\").click();\ncy.contains(\"Logged in successfully\");\ncy.get(\".swal2-actions\").find(\"button\").contains(\"OK\").should(\"exist\").click();\ncy.url().should(\"include\", \"/\");",
                  "err": {},
                  "uuid": "a4ce352f-f660-4fc3-a7ae-a8a8afaf1a4a",
                  "parentUUID": "717271a6-5a6d-4d72-b7d1-8a1dec86a4b3",
                  "isHook": false,
                  "skipped": false
                }
              ],
              "suites": [],
              "passes": [
                "3eb0db0a-b33a-403a-b73b-80d3e37fdc1e",
                "392bcd5a-6036-4846-a456-9b8d962e3695",
                "d761b3dc-dfc4-4d9a-9971-93f9eeda24cc",
                "a4ce352f-f660-4fc3-a7ae-a8a8afaf1a4a"
              ],
              "failures": [],
              "pending": [],
              "skipped": [],
              "duration": 12202,
              "root": false,
              "rootEmpty": false,
              "_timeout": 2000
            }
          ],
          "passes": [],
          "failures": [],
          "pending": [],
          "skipped": [],
          "duration": 0,
          "root": false,
          "rootEmpty": false,
          "_timeout": 2000
        }
      ],
      "passes": [],
      "failures": [],
      "pending": [],
      "skipped": [],
      "duration": 0,
      "root": true,
      "rootEmpty": true,
      "_timeout": 2000
    }
  ],
  "meta": {
    "mocha": {
      "version": "7.2.0"
    },
    "mochawesome": {
      "options": {
        "quiet": false,
        "reportFilename": "mochawesome",
        "saveHtml": false,
        "saveJson": true,
        "consoleReporter": "spec",
        "useInlineDiffs": false,
        "code": true
      },
      "version": "7.1.3"
    },
    "marge": {
      "options": {
        "reportDir": "cypress/reports",
        "overwrite": false,
        "html": false,
        "json": true
      },
      "version": "6.2.0"
    }
  }
}